<?xml version="1.0" encoding="UTF-8"?>
<!-- Generated by org.testng.reporters.JUnitXMLReporter -->
<testsuite ignored="0" hostname="DESKTOP-R6265M9" failures="0" tests="6" name="Default test" time="12.219" errors="0" timestamp="2026-02-11T19:40:03 IST">
  <testcase classname="api.test.DDTest" name="test_createUser" time="3.523"/>
  <testcase classname="api.test.DDTest" name="test_createUser" time="1.318"/>
  <testcase classname="api.test.DDTest" name="test_createUser" time="1.357"/>
  <testcase classname="api.test.DDTest" name="test_DeleteUserByName" time="1.122"/>
  <testcase classname="api.test.DDTest" name="test_DeleteUserByName" time="1.552"/>
  <testcase classname="api.test.DDTest" name="test_DeleteUserByName" time="1.507"/>
</testsuite> <!-- Default test -->
