<?xml version="1.0" encoding="UTF-8"?>
<testng-results ignored="0" total="10" passed="10" failed="0" skipped="0">
  <reporter-output>
  </reporter-output>
  <suite started-at="2026-02-12T10:51:33 IST" name="PetSuite" finished-at="2026-02-12T10:52:00 IST" duration-ms="26758">
    <groups>
    </groups>
    <test started-at="2026-02-12T10:51:33 IST" name="Test" finished-at="2026-02-12T10:52:00 IST" duration-ms="26758">
      <class name="api.test.DDTest">
        <test-method signature="test_createUser(java.lang.String,java.lang.String,java.lang.String,java.lang.String,java.lang.String,java.lang.String,java.lang.String)[pri:1, instance:api.test.DDTest@1573f9fc]" started-at="2026-02-12T10:51:50 IST" name="test_createUser" data-provider="Data" finished-at="2026-02-12T10:51:52 IST" duration-ms="1614" status="PASS">
          <params>
            <param index="0">
              <value>
                <![CDATA[1010]]>
              </value>
            </param>
            <param index="1">
              <value>
                <![CDATA[testuser1]]>
              </value>
            </param>
            <param index="2">
              <value>
                <![CDATA[John]]>
              </value>
            </param>
            <param index="3">
              <value>
                <![CDATA[Canedy]]>
              </value>
            </param>
            <param index="4">
              <value>
                <![CDATA[a@gmail.com]]>
              </value>
            </param>
            <param index="5">
              <value>
                <![CDATA[test@1]]>
              </value>
            </param>
            <param index="6">
              <value>
                <![CDATA[1234567897]]>
              </value>
            </param>
          </params>
          <reporter-output>
          </reporter-output>
        </test-method> <!-- test_createUser -->
        <test-method signature="test_createUser(java.lang.String,java.lang.String,java.lang.String,java.lang.String,java.lang.String,java.lang.String,java.lang.String)[pri:1, instance:api.test.DDTest@1573f9fc]" started-at="2026-02-12T10:51:52 IST" name="test_createUser" data-provider="Data" finished-at="2026-02-12T10:51:53 IST" duration-ms="1664" status="PASS">
          <params>
            <param index="0">
              <value>
                <![CDATA[1020]]>
              </value>
            </param>
            <param index="1">
              <value>
                <![CDATA[testuser2]]>
              </value>
            </param>
            <param index="2">
              <value>
                <![CDATA[Kim]]>
              </value>
            </param>
            <param index="3">
              <value>
                <![CDATA[Kom]]>
              </value>
            </param>
            <param index="4">
              <value>
                <![CDATA[b@gmail.com]]>
              </value>
            </param>
            <param index="5">
              <value>
                <![CDATA[test@2]]>
              </value>
            </param>
            <param index="6">
              <value>
                <![CDATA[1234567897]]>
              </value>
            </param>
          </params>
          <reporter-output>
          </reporter-output>
        </test-method> <!-- test_createUser -->
        <test-method signature="test_createUser(java.lang.String,java.lang.String,java.lang.String,java.lang.String,java.lang.String,java.lang.String,java.lang.String)[pri:1, instance:api.test.DDTest@1573f9fc]" started-at="2026-02-12T10:51:53 IST" name="test_createUser" data-provider="Data" finished-at="2026-02-12T10:51:55 IST" duration-ms="1700" status="PASS">
          <params>
            <param index="0">
              <value>
                <![CDATA[1030]]>
              </value>
            </param>
            <param index="1">
              <value>
                <![CDATA[testuser3]]>
              </value>
            </param>
            <param index="2">
              <value>
                <![CDATA[Smith]]>
              </value>
            </param>
            <param index="3">
              <value>
                <![CDATA[Steve]]>
              </value>
            </param>
            <param index="4">
              <value>
                <![CDATA[c@gmail.com]]>
              </value>
            </param>
            <param index="5">
              <value>
                <![CDATA[test@3]]>
              </value>
            </param>
            <param index="6">
              <value>
                <![CDATA[1234567897]]>
              </value>
            </param>
          </params>
          <reporter-output>
          </reporter-output>
        </test-method> <!-- test_createUser -->
        <test-method signature="test_DeleteUserByName(java.lang.String)[pri:2, instance:api.test.DDTest@1573f9fc]" started-at="2026-02-12T10:51:55 IST" name="test_DeleteUserByName" data-provider="UserNames" finished-at="2026-02-12T10:51:57 IST" duration-ms="1712" status="PASS">
          <params>
            <param index="0">
              <value>
                <![CDATA[testuser1]]>
              </value>
            </param>
          </params>
          <reporter-output>
          </reporter-output>
        </test-method> <!-- test_DeleteUserByName -->
        <test-method signature="test_DeleteUserByName(java.lang.String)[pri:2, instance:api.test.DDTest@1573f9fc]" started-at="2026-02-12T10:51:57 IST" name="test_DeleteUserByName" data-provider="UserNames" finished-at="2026-02-12T10:51:58 IST" duration-ms="1644" status="PASS">
          <params>
            <param index="0">
              <value>
                <![CDATA[testuser2]]>
              </value>
            </param>
          </params>
          <reporter-output>
          </reporter-output>
        </test-method> <!-- test_DeleteUserByName -->
        <test-method signature="test_DeleteUserByName(java.lang.String)[pri:2, instance:api.test.DDTest@1573f9fc]" started-at="2026-02-12T10:51:58 IST" name="test_DeleteUserByName" data-provider="UserNames" finished-at="2026-02-12T10:52:00 IST" duration-ms="1674" status="PASS">
          <params>
            <param index="0">
              <value>
                <![CDATA[testuser3]]>
              </value>
            </param>
          </params>
          <reporter-output>
          </reporter-output>
        </test-method> <!-- test_DeleteUserByName -->
      </class> <!-- api.test.DDTest -->
      <class name="api.test.UserTests">
        <test-method is-config="true" signature="setup()[pri:0, instance:api.test.UserTests@1165b38]" started-at="2026-02-12T10:51:34 IST" name="setup" finished-at="2026-02-12T10:51:35 IST" duration-ms="1465" status="PASS">
          <reporter-output>
          </reporter-output>
        </test-method> <!-- setup -->
        <test-method signature="test_Post_CreateUser()[pri:1, instance:api.test.UserTests@1165b38]" started-at="2026-02-12T10:51:35 IST" name="test_Post_CreateUser" finished-at="2026-02-12T10:51:40 IST" duration-ms="4411" status="PASS">
          <reporter-output>
          </reporter-output>
        </test-method> <!-- test_Post_CreateUser -->
        <test-method signature="test_getUser()[pri:2, instance:api.test.UserTests@1165b38]" started-at="2026-02-12T10:51:40 IST" name="test_getUser" finished-at="2026-02-12T10:51:42 IST" duration-ms="2296" status="PASS">
          <reporter-output>
          </reporter-output>
        </test-method> <!-- test_getUser -->
        <test-method signature="test_updatedUser()[pri:3, instance:api.test.UserTests@1165b38]" started-at="2026-02-12T10:51:42 IST" name="test_updatedUser" finished-at="2026-02-12T10:51:45 IST" duration-ms="3232" status="PASS">
          <reporter-output>
          </reporter-output>
        </test-method> <!-- test_updatedUser -->
        <test-method signature="test_deleteUserByName()[pri:4, instance:api.test.UserTests@1165b38]" started-at="2026-02-12T10:51:45 IST" name="test_deleteUserByName" finished-at="2026-02-12T10:51:49 IST" duration-ms="3420" status="PASS">
          <reporter-output>
          </reporter-output>
        </test-method> <!-- test_deleteUserByName -->
      </class> <!-- api.test.UserTests -->
    </test> <!-- Test -->
  </suite> <!-- PetSuite -->
</testng-results>
