<?xml version="1.0" encoding="UTF-8"?>
<!-- Generated by org.testng.reporters.JUnitReportReporter -->
<testsuite hostname="DESKTOP-R6265M9" failures="0" tests="4" name="api.test.UserTests" time="13.359" errors="0" timestamp="2026-02-12T10:52:01 IST" skipped="0">
  <testcase classname="api.test.UserTests" name="test_Post_CreateUser" time="4.411"/>
  <testcase classname="api.test.UserTests" name="test_getUser" time="2.296"/>
  <testcase classname="api.test.UserTests" name="test_updatedUser" time="3.232"/>
  <testcase classname="api.test.UserTests" name="test_deleteUserByName" time="3.420"/>
</testsuite> <!-- api.test.UserTests -->
