<?xml version="1.0" encoding="UTF-8"?>
<!-- Generated by org.testng.reporters.JUnitReportReporter -->
<testsuite hostname="DESKTOP-R6265M9" failures="0" tests="6" name="api.test.DDTest" time="10.008" errors="0" timestamp="2026-02-12T10:52:01 IST" skipped="0">
  <testcase classname="api.test.DDTest" name="test_createUser" time="1.614"/>
  <testcase classname="api.test.DDTest" name="test_createUser" time="1.700"/>
  <testcase classname="api.test.DDTest" name="test_createUser" time="1.664"/>
  <testcase classname="api.test.DDTest" name="test_DeleteUserByName" time="1.644"/>
  <testcase classname="api.test.DDTest" name="test_DeleteUserByName" time="1.712"/>
  <testcase classname="api.test.DDTest" name="test_DeleteUserByName" time="1.674"/>
</testsuite> <!-- api.test.DDTest -->
