<?xml version="1.0" encoding="UTF-8"?>
<!-- Generated by org.testng.reporters.JUnitReportReporter -->
<testsuite hostname="DESKTOP-R6265M9" failures="0" tests="4" name="api.test.UserTests" time="17.142" errors="0" timestamp="2026-02-12T11:28:22 IST" skipped="0">
  <testcase classname="api.test.UserTests" name="test_Post_CreateUser" time="6.428"/>
  <testcase classname="api.test.UserTests" name="test_getUser" time="3.216"/>
  <testcase classname="api.test.UserTests" name="test_updatedUser" time="3.543"/>
  <testcase classname="api.test.UserTests" name="test_deleteUserByName" time="3.955"/>
</testsuite> <!-- api.test.UserTests -->
