<?xml version="1.0" encoding="UTF-8"?>
<!-- Generated by org.testng.reporters.JUnitReportReporter -->
<testsuite hostname="DESKTOP-R6265M9" failures="0" tests="6" name="api.test.DDTest" time="11.747" errors="0" timestamp="2026-02-12T11:28:22 IST" skipped="0">
  <testcase classname="api.test.DDTest" name="test_createUser" time="2.151"/>
  <testcase classname="api.test.DDTest" name="test_createUser" time="2.067"/>
  <testcase classname="api.test.DDTest" name="test_createUser" time="1.777"/>
  <testcase classname="api.test.DDTest" name="test_DeleteUserByName" time="2.045"/>
  <testcase classname="api.test.DDTest" name="test_DeleteUserByName" time="2.037"/>
  <testcase classname="api.test.DDTest" name="test_DeleteUserByName" time="1.670"/>
</testsuite> <!-- api.test.DDTest -->
