<?xml version="1.0" encoding="UTF-8"?>
<!-- Generated by org.testng.reporters.JUnitXMLReporter -->
<testsuite ignored="0" hostname="DESKTOP-R6265M9" failures="0" tests="10" name="Test" time="26.758" errors="0" timestamp="2026-02-12T10:52:00 IST">
  <testcase classname="api.test.UserTests" name="test_Post_CreateUser" time="4.411"/>
  <testcase classname="api.test.UserTests" name="test_getUser" time="2.296"/>
  <testcase classname="api.test.UserTests" name="test_updatedUser" time="3.232"/>
  <testcase classname="api.test.UserTests" name="test_deleteUserByName" time="3.42"/>
  <testcase classname="api.test.DDTest" name="test_createUser" time="1.614"/>
  <testcase classname="api.test.DDTest" name="test_createUser" time="1.664"/>
  <testcase classname="api.test.DDTest" name="test_createUser" time="1.7"/>
  <testcase classname="api.test.DDTest" name="test_DeleteUserByName" time="1.712"/>
  <testcase classname="api.test.DDTest" name="test_DeleteUserByName" time="1.644"/>
  <testcase classname="api.test.DDTest" name="test_DeleteUserByName" time="1.674"/>
</testsuite> <!-- Test -->
